<?xml version="1.0" encoding="UTF-8"?>
<!-- Generated by org.testng.reporters.JUnitReportReporter -->
<testsuite skipped="0" hostname="NFTW6MWPMG3207" name="ExistingUser.existgUser_signInPageTest" tests="3" failures="0" timestamp="2020-04-04T16:38:24 EDT" time="5.002" errors="0">
  <testcase name="getUrl" time="2.600" classname="ExistingUser.existgUser_signInPageTest"/>
  <testcase name="signInTitleTest" time="0.019" classname="ExistingUser.existgUser_signInPageTest"/>
  <testcase name="existinguserSignIn" time="2.383" classname="ExistingUser.existgUser_signInPageTest"/>
</testsuite> <!-- ExistingUser.existgUser_signInPageTest -->
