<?xml version="1.0" encoding="UTF-8"?>
<!-- Generated by org.testng.reporters.JUnitReportReporter -->
<testsuite skipped="0" hostname="DESKTOP-VEFIC1K" name="Regression.regression_onboarding_uniqlyYours" tests="12" failures="0" timestamp="20 Apr 2020 11:26:14 GMT" time="9.661" errors="0">
  <testcase name="onb_getUrl" time="2.284" classname="Regression.regression_onboarding_uniqlyYours"/>
  <testcase name="onb_verify_signInTitle" time="0.006" classname="Regression.regression_onboarding_uniqlyYours"/>
  <testcase name="onb_newUser_signUpforNumiClick" time="0.316" classname="Regression.regression_onboarding_uniqlyYours"/>
  <testcase name="onb_newUser_setUpAcctPage" time="0.352" classname="Regression.regression_onboarding_uniqlyYours"/>
  <testcase name="onb_newUser_acctDetailsPage" time="0.456" classname="Regression.regression_onboarding_uniqlyYours"/>
  <testcase name="onb_newUser_tellUsprofilePage" time="1.805" classname="Regression.regression_onboarding_uniqlyYours"/>
  <testcase name="onb_newUser_chooseNSPlanPage" time="1.053" classname="Regression.regression_onboarding_uniqlyYours"/>
  <testcase name="onb_newUser_chooseNsPlanListPage" time="0.142" classname="Regression.regression_onboarding_uniqlyYours"/>
  <testcase name="onb_newUser_firstWeekStagePage" time="1.109" classname="Regression.regression_onboarding_uniqlyYours"/>
  <testcase name="onb_newUser_stayOnTrackEMailNotifyPage" time="1.342" classname="Regression.regression_onboarding_uniqlyYours"/>
  <testcase name="onb_newUser_connectDevicePage" time="0.746" classname="Regression.regression_onboarding_uniqlyYours"/>
  <testcase name="onb_newUser_onboardingComplete" time="0.050" classname="Regression.regression_onboarding_uniqlyYours"/>
</testsuite> <!-- Regression.regression_onboarding_uniqlyYours -->
