<?xml version="1.0" encoding="UTF-8"?>
<!-- Generated by org.testng.reporters.JUnitReportReporter -->
<testsuite skipped="0" hostname="DESKTOP-VEFIC1K" name="ExistingUser.existgUser_signInPageTest" tests="3" failures="0" timestamp="2020-04-19T18:00:28 EDT" time="3.387" errors="0">
  <testcase name="getUrl" time="1.539" classname="ExistingUser.existgUser_signInPageTest"/>
  <system-out/>
  <testcase name="signInTitleTest" time="0.009" classname="ExistingUser.existgUser_signInPageTest"/>
  <system-out/>
  <testcase name="existinguserSignIn" time="1.839" classname="ExistingUser.existgUser_signInPageTest"/>
  <system-out/>
</testsuite> <!-- ExistingUser.existgUser_signInPageTest -->
